1.4428 	WARNING 	We strongly recommend you activate the PTB sound engine in PsychoPy prefs as the preferred audio engine. Its timing is vastly superior. Your prefs are currently set to use ['sounddevice', 'PTB', 'pyo', 'pygame'] (in that order).
4.1801 	WARNING 	Import Error: No module named 'psychtoolbox'. Using event module for keyboard component.
8.2510 	EXP 	Created window1 = Window(allowGUI=False, allowStencil=False, args=UNKNOWN, autoLog=True, bitsMode=UNKNOWN, blendMode='avg', bpc=(8, 8, 8), color=array([0., 0., 0.]), colorSpace='rgb', depthBits=8, fullscr=<method-wrapper '__getattribute__' of attributeSetter object at 0x0000019E78AD3DF0>, gamma=None, gammaErrorPolicy='raise', kwargs=UNKNOWN, lms=UNKNOWN, monitor=<psychopy.monitors.calibTools.Monitor object at 0x0000019E78B36670>, multiSample=False, name='window1', numSamples=2, pos=[0.0, 0.0], screen=0, size=array([1920, 1080]), stencilBits=0, stereo=False, units='height', useFBO=True, useRetina=False, viewOri=0.0, viewPos=None, viewScale=None, waitBlanking=True, winType='pyglet')
8.2515 	EXP 	window1: mouseVisible = True
8.2516 	EXP 	window1: recordFrameIntervals = False
8.3198 	EXP 	window1: recordFrameIntervals = True
8.3968 	EXP 	window1: recordFrameIntervals = False
8.4452 	EXP 	Created ibody = TextStim(__class__=<class 'psychopy.visual.text.TextStim'>, alignHoriz=method-wrapper(...), alignText='center', alignVert=method-wrapper(...), anchorHoriz='center', anchorVert='center', antialias=True, autoLog=True, bold=False, color='white', colorSpace='named', contrast=1.0, depth=0.0, flipHoriz=False, flipVert=False, font='Arial', fontFiles=[], height=50, italic=False, languageStyle='LTR', name='ibody', opacity=1.0, ori=0, pos=array([0., 0.]), rgb=array([255., 255., 255.]), text='intruction set 1', units='pix', win=Window(...), wrapWidth=500)
8.4503 	EXP 	Created icontinue = TextStim(__class__=<class 'psychopy.visual.text.TextStim'>, alignHoriz=method-wrapper(...), alignText='center', alignVert=method-wrapper(...), anchorHoriz='center', anchorVert='center', antialias=True, autoLog=True, bold=False, color='white', colorSpace='named', contrast=1.0, depth=0.0, flipHoriz=False, flipVert=False, font='Arial', fontFiles=[], height=50, italic=False, languageStyle='LTR', name='icontinue', opacity=1.0, ori=0, pos=array([   0., -432.]), rgb=array([255., 255., 255.]), text='press space to continue', units='pix', win=Window(...), wrapWidth=500)
8.4605 	EXP 	Created iheader = TextStim(__class__=<class 'psychopy.visual.text.TextStim'>, alignHoriz=method-wrapper(...), alignText='center', alignVert=method-wrapper(...), anchorHoriz='center', anchorVert='center', antialias=True, autoLog=True, bold=False, color='white', colorSpace='named', contrast=1.0, depth=0.0, flipHoriz=False, flipVert=False, font='Arial', fontFiles=[], height=100, italic=False, languageStyle='LTR', name='iheader', opacity=1.0, ori=0, pos=array([  0., 432.]), rgb=array([255., 255., 255.]), text='Instructions', units='pix', win=Window(...), wrapWidth=500)
8.4621 	EXP 	Created pbox0 = Rect(__class__=<class 'psychopy.visual.rect.Rect'>, autoDraw=False, autoLog=True, closeShape=True, color=method-wrapper(...), colorSpace=None, contrast=1.0, depth=0.0, fillColor=array([100., 100., 100.]), fillColorSpace='rgb255', fillRGB=array([100., 100., 100.]), interpolate=True, lineColor=array([1., 1., 1.]), lineColorSpace='rgb', lineRGB=array([1., 1., 1.]), lineWidth=1, name='pbox0', opacity=1.0, ori=array(0.), pos=array([192., 108.]), size=array([172.8,  96. ]), units='pix', vertices=ndarray(...), win=Window(...))
8.4636 	EXP 	Created pbox1 = Rect(__class__=<class 'psychopy.visual.rect.Rect'>, autoDraw=False, autoLog=True, closeShape=True, color=method-wrapper(...), colorSpace=None, contrast=1.0, depth=0.0, fillColor=array([100., 100., 100.]), fillColorSpace='rgb255', fillRGB=array([100., 100., 100.]), interpolate=True, lineColor=array([1., 1., 1.]), lineColorSpace='rgb', lineRGB=array([1., 1., 1.]), lineWidth=1, name='pbox1', opacity=1.0, ori=array(0.), pos=array([-192.,  108.]), size=array([172.8,  96. ]), units='pix', vertices=ndarray(...), win=Window(...))
8.4651 	EXP 	Created pbox2 = Rect(__class__=<class 'psychopy.visual.rect.Rect'>, autoDraw=False, autoLog=True, closeShape=True, color=method-wrapper(...), colorSpace=None, contrast=1.0, depth=0.0, fillColor=array([100., 100., 100.]), fillColorSpace='rgb255', fillRGB=array([100., 100., 100.]), interpolate=True, lineColor=array([1., 1., 1.]), lineColorSpace='rgb', lineRGB=array([1., 1., 1.]), lineWidth=1, name='pbox2', opacity=1.0, ori=array(0.), pos=array([-576.,    0.]), size=array([172.8,  96. ]), units='pix', vertices=ndarray(...), win=Window(...))
8.4666 	EXP 	Created pbox3 = Rect(__class__=<class 'psychopy.visual.rect.Rect'>, autoDraw=False, autoLog=True, closeShape=True, color=method-wrapper(...), colorSpace=None, contrast=1.0, depth=0.0, fillColor=array([100., 100., 100.]), fillColorSpace='rgb255', fillRGB=array([100., 100., 100.]), interpolate=True, lineColor=array([1., 1., 1.]), lineColorSpace='rgb', lineRGB=array([1., 1., 1.]), lineWidth=1, name='pbox3', opacity=1.0, ori=array(0.), pos=array([-192., -108.]), size=array([172.8,  96. ]), units='pix', vertices=ndarray(...), win=Window(...))
8.4681 	EXP 	Created pbox4 = Rect(__class__=<class 'psychopy.visual.rect.Rect'>, autoDraw=False, autoLog=True, closeShape=True, color=method-wrapper(...), colorSpace=None, contrast=1.0, depth=0.0, fillColor=array([100., 100., 100.]), fillColorSpace='rgb255', fillRGB=array([100., 100., 100.]), interpolate=True, lineColor=array([1., 1., 1.]), lineColorSpace='rgb', lineRGB=array([1., 1., 1.]), lineWidth=1, name='pbox4', opacity=1.0, ori=array(0.), pos=array([ 192., -108.]), size=array([172.8,  96. ]), units='pix', vertices=ndarray(...), win=Window(...))
8.4695 	EXP 	Created pbox5 = Rect(__class__=<class 'psychopy.visual.rect.Rect'>, autoDraw=False, autoLog=True, closeShape=True, color=method-wrapper(...), colorSpace=None, contrast=1.0, depth=0.0, fillColor=array([100., 100., 100.]), fillColorSpace='rgb255', fillRGB=array([100., 100., 100.]), interpolate=True, lineColor=array([1., 1., 1.]), lineColorSpace='rgb', lineRGB=array([1., 1., 1.]), lineWidth=1, name='pbox5', opacity=1.0, ori=array(0.), pos=array([576.,   0.]), size=array([172.8,  96. ]), units='pix', vertices=ndarray(...), win=Window(...))
8.5536 	EXP 	Created pdiagram = ImageStim(__class__=<class 'psychopy.visual.image.ImageStim'>, autoLog=True, color=array([1., 1., 1.]), colorSpace='rgb', contrast=1.0, depth=-7.0, flipHoriz=False, flipVert=False, image=str(...), interpolate=True, mask=None, maskParams=None, name='pdiagram', opacity=1.0, ori=0.0, pos=array([0., 0.]), size=array([1136.,  536.]), texRes=128, units='pix', win=Window(...))
8.7219 	EXP 	Sound tsound set volume 1.000
8.7784 	EXP 	Created tdiagram = ImageStim(__class__=<class 'psychopy.visual.image.ImageStim'>, autoLog=True, color=array([1., 1., 1.]), colorSpace='rgb', contrast=1.0, depth=-7.0, flipHoriz=False, flipVert=False, image=str(...), interpolate=True, mask=None, maskParams=None, name='tdiagram', opacity=1.0, ori=0.0, pos=array([0., 0.]), size=array([0.5, 0.5]), texRes=128, units='height', win=Window(...))
8.7799 	EXP 	Created box0 = Rect(__class__=<class 'psychopy.visual.rect.Rect'>, autoDraw=False, autoLog=True, closeShape=True, color=method-wrapper(...), colorSpace=None, contrast=1.0, depth=0.0, fillColor=array([1., 1., 1.]), fillColorSpace='rgb', fillRGB=array([1., 1., 1.]), interpolate=True, lineColor=array([1., 1., 1.]), lineColorSpace='rgb', lineRGB=array([1., 1., 1.]), lineWidth=1, name='box0', opacity=1.0, ori=array(0.), pos=array([0., 0.]), size=array([0.5, 0.5]), units='height', vertices=ndarray(...), win=Window(...))
8.7813 	EXP 	Created box1 = Rect(__class__=<class 'psychopy.visual.rect.Rect'>, autoDraw=False, autoLog=True, closeShape=True, color=method-wrapper(...), colorSpace=None, contrast=1.0, depth=0.0, fillColor=array([1., 1., 1.]), fillColorSpace='rgb', fillRGB=array([1., 1., 1.]), interpolate=True, lineColor=array([1., 1., 1.]), lineColorSpace='rgb', lineRGB=array([1., 1., 1.]), lineWidth=1, name='box1', opacity=1.0, ori=array(0.), pos=array([0., 0.]), size=array([0.5, 0.5]), units='height', vertices=ndarray(...), win=Window(...))
8.7827 	EXP 	Created box2 = Rect(__class__=<class 'psychopy.visual.rect.Rect'>, autoDraw=False, autoLog=True, closeShape=True, color=method-wrapper(...), colorSpace=None, contrast=1.0, depth=0.0, fillColor=array([1., 1., 1.]), fillColorSpace='rgb', fillRGB=array([1., 1., 1.]), interpolate=True, lineColor=array([1., 1., 1.]), lineColorSpace='rgb', lineRGB=array([1., 1., 1.]), lineWidth=1, name='box2', opacity=1.0, ori=array(0.), pos=array([0., 0.]), size=array([0.5, 0.5]), units='height', vertices=ndarray(...), win=Window(...))
8.7842 	EXP 	Created box3 = Rect(__class__=<class 'psychopy.visual.rect.Rect'>, autoDraw=False, autoLog=True, closeShape=True, color=method-wrapper(...), colorSpace=None, contrast=1.0, depth=0.0, fillColor=array([1., 1., 1.]), fillColorSpace='rgb', fillRGB=array([1., 1., 1.]), interpolate=True, lineColor=array([1., 1., 1.]), lineColorSpace='rgb', lineRGB=array([1., 1., 1.]), lineWidth=1, name='box3', opacity=1.0, ori=array(0.), pos=array([0., 0.]), size=array([0.5, 0.5]), units='height', vertices=ndarray(...), win=Window(...))
8.7856 	EXP 	Created box4 = Rect(__class__=<class 'psychopy.visual.rect.Rect'>, autoDraw=False, autoLog=True, closeShape=True, color=method-wrapper(...), colorSpace=None, contrast=1.0, depth=0.0, fillColor=array([1., 1., 1.]), fillColorSpace='rgb', fillRGB=array([1., 1., 1.]), interpolate=True, lineColor=array([1., 1., 1.]), lineColorSpace='rgb', lineRGB=array([1., 1., 1.]), lineWidth=1, name='box4', opacity=1.0, ori=array(0.), pos=array([0., 0.]), size=array([0.5, 0.5]), units='height', vertices=ndarray(...), win=Window(...))
8.7870 	EXP 	Created box5 = Rect(__class__=<class 'psychopy.visual.rect.Rect'>, autoDraw=False, autoLog=True, closeShape=True, color=method-wrapper(...), colorSpace=None, contrast=1.0, depth=0.0, fillColor=array([1., 1., 1.]), fillColorSpace='rgb', fillRGB=array([1., 1., 1.]), interpolate=True, lineColor=array([1., 1., 1.]), lineColorSpace='rgb', lineRGB=array([1., 1., 1.]), lineWidth=1, name='box5', opacity=1.0, ori=array(0.), pos=array([0., 0.]), size=array([0.5, 0.5]), units='height', vertices=ndarray(...), win=Window(...))
8.8234 	EXP 	Created etext = TextStim(__class__=<class 'psychopy.visual.text.TextStim'>, alignHoriz=method-wrapper(...), alignText='center', alignVert=method-wrapper(...), anchorHoriz='center', anchorVert='center', antialias=True, autoLog=True, bold=False, color='white', colorSpace='named', contrast=1.0, depth=0.0, flipHoriz=False, flipVert=False, font='Arial', fontFiles=[], height=0.1, italic=False, languageStyle='LTR', name='etext', opacity=1.0, ori=0, pos=array([0., 0.]), rgb=array([255., 255., 255.]), text='Any text\n\nincluding line breaks', units='height', win=Window(...), wrapWidth=1)
8.9622 	EXP 	iheader: autoDraw = True
8.9622 	EXP 	ibody: text = 'intruction set 1'
8.9622 	EXP 	ibody: autoDraw = True
8.9622 	EXP 	icontinue: autoDraw = True
8.9650 	EXP 	ibody: text = 'intruction set 1'
8.9728 	EXP 	ibody: text = 'intruction set 1'
8.9798 	EXP 	ibody: text = 'intruction set 1'
8.9863 	EXP 	ibody: text = 'intruction set 1'
8.9935 	EXP 	ibody: text = 'intruction set 1'
9.0001 	EXP 	ibody: text = 'intruction set 1'
9.0070 	EXP 	ibody: text = 'intruction set 1'
9.0138 	EXP 	ibody: text = 'intruction set 1'
9.0216 	EXP 	ibody: text = 'intruction set 1'
9.0279 	EXP 	ibody: text = 'intruction set 1'
9.0413 	EXP 	ibody: text = 'intruction set 1'
9.0499 	EXP 	ibody: text = 'intruction set 1'
9.0626 	EXP 	ibody: text = 'intruction set 1'
9.0772 	EXP 	ibody: text = 'intruction set 1'
9.0833 	EXP 	ibody: text = 'intruction set 1'
9.0910 	EXP 	ibody: text = 'intruction set 1'
9.1045 	EXP 	ibody: text = 'intruction set 1'
9.1113 	EXP 	ibody: text = 'intruction set 1'
9.1187 	EXP 	ibody: text = 'intruction set 1'
9.1260 	EXP 	ibody: text = 'intruction set 1'
9.1320 	EXP 	ibody: text = 'intruction set 1'
9.1390 	EXP 	ibody: text = 'intruction set 1'
9.1533 	EXP 	ibody: text = 'intruction set 1'
9.1598 	EXP 	ibody: text = 'intruction set 1'
9.1684 	EXP 	ibody: text = 'intruction set 1'
9.1746 	EXP 	ibody: text = 'intruction set 1'
9.1811 	EXP 	ibody: text = 'intruction set 1'
9.1945 	EXP 	ibody: text = 'intruction set 1'
9.2015 	EXP 	ibody: text = 'intruction set 1'
9.2160 	EXP 	ibody: text = 'intruction set 1'
9.2231 	EXP 	ibody: text = 'intruction set 1'
9.2361 	EXP 	ibody: text = 'intruction set 1'
9.2432 	EXP 	ibody: text = 'intruction set 1'
9.2511 	EXP 	ibody: text = 'intruction set 1'
9.2572 	EXP 	ibody: text = 'intruction set 1'
9.2650 	EXP 	ibody: text = 'intruction set 1'
9.2785 	EXP 	ibody: text = 'intruction set 1'
9.2864 	EXP 	ibody: text = 'intruction set 1'
9.2933 	EXP 	ibody: text = 'intruction set 1'
9.3056 	EXP 	ibody: text = 'intruction set 1'
9.3128 	EXP 	ibody: text = 'intruction set 1'
9.3197 	EXP 	ibody: text = 'intruction set 1'
9.3266 	EXP 	ibody: text = 'intruction set 1'
9.3337 	EXP 	ibody: text = 'intruction set 1'
9.3406 	EXP 	ibody: text = 'intruction set 1'
9.3478 	EXP 	ibody: text = 'intruction set 1'
9.3548 	EXP 	ibody: text = 'intruction set 1'
9.3612 	EXP 	ibody: text = 'intruction set 1'
9.3696 	EXP 	ibody: text = 'intruction set 1'
9.3754 	EXP 	ibody: text = 'intruction set 1'
9.3835 	EXP 	ibody: text = 'intruction set 1'
9.3901 	EXP 	ibody: text = 'intruction set 1'
9.3960 	EXP 	ibody: text = 'intruction set 1'
9.4029 	EXP 	ibody: text = 'intruction set 1'
9.4099 	EXP 	ibody: text = 'intruction set 1'
9.4167 	EXP 	ibody: text = 'intruction set 1'
9.4245 	EXP 	ibody: text = 'intruction set 1'
9.4310 	EXP 	ibody: text = 'intruction set 1'
9.4383 	EXP 	ibody: text = 'intruction set 1'
9.4447 	EXP 	ibody: text = 'intruction set 1'
9.4536 	EXP 	ibody: text = 'intruction set 1'
9.4659 	EXP 	ibody: text = 'intruction set 1'
9.4733 	EXP 	ibody: text = 'intruction set 1'
9.4796 	EXP 	ibody: text = 'intruction set 1'
9.4873 	EXP 	ibody: text = 'intruction set 1'
9.4936 	EXP 	ibody: text = 'intruction set 1'
9.5000 	EXP 	ibody: text = 'intruction set 1'
9.5073 	EXP 	ibody: text = 'intruction set 1'
9.5138 	EXP 	ibody: text = 'intruction set 1'
9.5229 	EXP 	ibody: text = 'intruction set 1'
9.5354 	EXP 	ibody: text = 'intruction set 1'
9.5421 	EXP 	ibody: text = 'intruction set 1'
9.5501 	EXP 	ibody: text = 'intruction set 1'
9.5559 	EXP 	ibody: text = 'intruction set 1'
9.5626 	EXP 	ibody: text = 'intruction set 1'
9.5710 	EXP 	ibody: text = 'intruction set 1'
9.5767 	EXP 	ibody: text = 'intruction set 1'
9.5842 	EXP 	ibody: text = 'intruction set 1'
9.5912 	EXP 	ibody: text = 'intruction set 1'
9.5997 	EXP 	ibody: text = 'intruction set 1'
9.6047 	EXP 	ibody: text = 'intruction set 1'
9.6120 	EXP 	ibody: text = 'intruction set 1'
9.6204 	EXP 	ibody: text = 'intruction set 1'
9.6256 	EXP 	ibody: text = 'intruction set 1'
9.6328 	EXP 	ibody: text = 'intruction set 1'
9.6405 	EXP 	ibody: text = 'intruction set 1'
9.6467 	EXP 	ibody: text = 'intruction set 1'
9.6538 	EXP 	ibody: text = 'intruction set 1'
9.6616 	EXP 	ibody: text = 'intruction set 1'
9.6682 	EXP 	ibody: text = 'intruction set 1'
9.6742 	EXP 	ibody: text = 'intruction set 1'
9.6820 	EXP 	ibody: text = 'intruction set 1'
9.6883 	EXP 	ibody: text = 'intruction set 1'
9.6951 	EXP 	ibody: text = 'intruction set 1'
9.7023 	EXP 	ibody: text = 'intruction set 1'
9.7096 	EXP 	ibody: text = 'intruction set 1'
9.7161 	EXP 	ibody: text = 'intruction set 1'
9.7242 	EXP 	ibody: text = 'intruction set 1'
9.7294 	EXP 	ibody: text = 'intruction set 1'
9.7368 	EXP 	ibody: text = 'intruction set 1'
9.7449 	EXP 	ibody: text = 'intruction set 1'
9.7507 	EXP 	ibody: text = 'intruction set 1'
9.7581 	EXP 	ibody: text = 'intruction set 1'
9.7645 	EXP 	ibody: text = 'intruction set 1'
9.7727 	EXP 	ibody: text = 'intruction set 1'
9.7790 	EXP 	ibody: text = 'intruction set 1'
9.7860 	EXP 	ibody: text = 'intruction set 1'
9.7932 	EXP 	ibody: text = 'intruction set 1'
9.8002 	EXP 	ibody: text = 'intruction set 1'
9.8063 	EXP 	ibody: text = 'intruction set 1'
9.8140 	EXP 	ibody: text = 'intruction set 1'
9.8203 	EXP 	ibody: text = 'intruction set 1'
9.8268 	EXP 	ibody: text = 'intruction set 1'
9.8341 	EXP 	ibody: text = 'intruction set 1'
9.8408 	EXP 	ibody: text = 'intruction set 1'
9.8480 	EXP 	ibody: text = 'intruction set 1'
9.8556 	EXP 	ibody: text = 'intruction set 1'
9.8616 	EXP 	ibody: text = 'intruction set 1'
9.8635 	DATA 	Keypress: space
9.8690 	EXP 	ibody: text = 'intruction set 1'
9.8765 	EXP 	ibody: text = 'intruction set 1'
9.8827 	EXP 	ibody: text = 'intruction set 1'
9.8971 	EXP 	ibody: text = 'intruction set 2'
9.9038 	EXP 	ibody: text = 'intruction set 2'
9.9105 	EXP 	ibody: text = 'intruction set 2'
9.9170 	EXP 	ibody: text = 'intruction set 2'
9.9247 	EXP 	ibody: text = 'intruction set 2'
9.9306 	EXP 	ibody: text = 'intruction set 2'
9.9378 	EXP 	ibody: text = 'intruction set 2'
9.9453 	EXP 	ibody: text = 'intruction set 2'
9.9517 	EXP 	ibody: text = 'intruction set 2'
9.9590 	EXP 	ibody: text = 'intruction set 2'
9.9662 	EXP 	ibody: text = 'intruction set 2'
9.9737 	EXP 	ibody: text = 'intruction set 2'
9.9796 	EXP 	ibody: text = 'intruction set 2'
9.9873 	EXP 	ibody: text = 'intruction set 2'
9.9952 	EXP 	ibody: text = 'intruction set 2'
10.0009 	EXP 	ibody: text = 'intruction set 2'
10.0089 	EXP 	ibody: text = 'intruction set 2'
10.0158 	EXP 	ibody: text = 'intruction set 2'
10.0212 	EXP 	ibody: text = 'intruction set 2'
10.0280 	EXP 	ibody: text = 'intruction set 2'
10.0369 	EXP 	ibody: text = 'intruction set 2'
10.0424 	EXP 	ibody: text = 'intruction set 2'
10.0488 	EXP 	ibody: text = 'intruction set 2'
10.0576 	EXP 	ibody: text = 'intruction set 2'
10.0632 	EXP 	ibody: text = 'intruction set 2'
10.0698 	EXP 	ibody: text = 'intruction set 2'
10.0779 	EXP 	ibody: text = 'intruction set 2'
10.0840 	EXP 	ibody: text = 'intruction set 2'
10.0907 	EXP 	ibody: text = 'intruction set 2'
10.0979 	EXP 	ibody: text = 'intruction set 2'
10.1059 	EXP 	ibody: text = 'intruction set 2'
10.1119 	EXP 	ibody: text = 'intruction set 2'
10.1189 	EXP 	ibody: text = 'intruction set 2'
10.1262 	EXP 	ibody: text = 'intruction set 2'
10.1325 	EXP 	ibody: text = 'intruction set 2'
10.1396 	EXP 	ibody: text = 'intruction set 2'
10.1475 	EXP 	ibody: text = 'intruction set 2'
10.1537 	EXP 	ibody: text = 'intruction set 2'
10.1599 	EXP 	ibody: text = 'intruction set 2'
10.1677 	EXP 	ibody: text = 'intruction set 2'
10.1753 	EXP 	ibody: text = 'intruction set 2'
10.1812 	EXP 	ibody: text = 'intruction set 2'
10.1883 	EXP 	ibody: text = 'intruction set 2'
10.1955 	EXP 	ibody: text = 'intruction set 2'
10.2026 	EXP 	ibody: text = 'intruction set 2'
10.2092 	EXP 	ibody: text = 'intruction set 2'
10.2160 	EXP 	ibody: text = 'intruction set 2'
10.2234 	EXP 	ibody: text = 'intruction set 2'
10.2300 	EXP 	ibody: text = 'intruction set 2'
10.2372 	EXP 	ibody: text = 'intruction set 2'
10.2439 	EXP 	ibody: text = 'intruction set 2'
10.2507 	EXP 	ibody: text = 'intruction set 2'
10.2577 	EXP 	ibody: text = 'intruction set 2'
10.2647 	EXP 	ibody: text = 'intruction set 2'
10.2715 	EXP 	ibody: text = 'intruction set 2'
10.2787 	EXP 	ibody: text = 'intruction set 2'
10.2854 	EXP 	ibody: text = 'intruction set 2'
10.2925 	EXP 	ibody: text = 'intruction set 2'
10.2995 	EXP 	ibody: text = 'intruction set 2'
10.3062 	EXP 	ibody: text = 'intruction set 2'
10.3132 	EXP 	ibody: text = 'intruction set 2'
10.3201 	EXP 	ibody: text = 'intruction set 2'
10.3273 	EXP 	ibody: text = 'intruction set 2'
10.3341 	EXP 	ibody: text = 'intruction set 2'
10.3410 	EXP 	ibody: text = 'intruction set 2'
10.3480 	EXP 	ibody: text = 'intruction set 2'
10.3547 	EXP 	ibody: text = 'intruction set 2'
10.3617 	EXP 	ibody: text = 'intruction set 2'
10.3688 	EXP 	ibody: text = 'intruction set 2'
10.3755 	EXP 	ibody: text = 'intruction set 2'
10.3825 	EXP 	ibody: text = 'intruction set 2'
10.3896 	EXP 	ibody: text = 'intruction set 2'
10.3968 	EXP 	ibody: text = 'intruction set 2'
10.4037 	EXP 	ibody: text = 'intruction set 2'
10.4104 	EXP 	ibody: text = 'intruction set 2'
10.4175 	EXP 	ibody: text = 'intruction set 2'
10.4244 	EXP 	ibody: text = 'intruction set 2'
10.4311 	EXP 	ibody: text = 'intruction set 2'
10.4384 	EXP 	ibody: text = 'intruction set 2'
10.4451 	EXP 	ibody: text = 'intruction set 2'
10.4521 	EXP 	ibody: text = 'intruction set 2'
10.4592 	EXP 	ibody: text = 'intruction set 2'
10.4662 	EXP 	ibody: text = 'intruction set 2'
10.4731 	EXP 	ibody: text = 'intruction set 2'
10.4797 	EXP 	ibody: text = 'intruction set 2'
10.4870 	EXP 	ibody: text = 'intruction set 2'
10.4937 	EXP 	ibody: text = 'intruction set 2'
10.5007 	EXP 	ibody: text = 'intruction set 2'
10.5080 	EXP 	ibody: text = 'intruction set 2'
10.5147 	EXP 	ibody: text = 'intruction set 2'
10.5214 	EXP 	ibody: text = 'intruction set 2'
10.5288 	EXP 	ibody: text = 'intruction set 2'
10.5354 	EXP 	ibody: text = 'intruction set 2'
10.5424 	EXP 	ibody: text = 'intruction set 2'
10.5493 	EXP 	ibody: text = 'intruction set 2'
10.5562 	EXP 	ibody: text = 'intruction set 2'
10.5632 	EXP 	ibody: text = 'intruction set 2'
10.5703 	EXP 	ibody: text = 'intruction set 2'
10.5771 	EXP 	ibody: text = 'intruction set 2'
10.5842 	EXP 	ibody: text = 'intruction set 2'
10.5909 	EXP 	ibody: text = 'intruction set 2'
10.5984 	EXP 	ibody: text = 'intruction set 2'
10.6048 	EXP 	ibody: text = 'intruction set 2'
10.6118 	EXP 	ibody: text = 'intruction set 2'
10.6190 	EXP 	ibody: text = 'intruction set 2'
10.6259 	EXP 	ibody: text = 'intruction set 2'
10.6329 	EXP 	ibody: text = 'intruction set 2'
10.6398 	EXP 	ibody: text = 'intruction set 2'
10.6403 	DATA 	Keypress: space
10.6463 	EXP 	ibody: text = 'intruction set 2'
10.6533 	EXP 	ibody: text = 'intruction set 2'
10.6602 	EXP 	ibody: text = 'intruction set 3'
10.6676 	EXP 	ibody: text = 'intruction set 3'
10.6742 	EXP 	ibody: text = 'intruction set 3'
10.6813 	EXP 	ibody: text = 'intruction set 3'
10.6884 	EXP 	ibody: text = 'intruction set 3'
10.6954 	EXP 	ibody: text = 'intruction set 3'
10.7017 	EXP 	ibody: text = 'intruction set 3'
10.7090 	EXP 	ibody: text = 'intruction set 3'
10.7158 	EXP 	ibody: text = 'intruction set 3'
10.7229 	EXP 	ibody: text = 'intruction set 3'
10.7299 	EXP 	ibody: text = 'intruction set 3'
10.7367 	EXP 	ibody: text = 'intruction set 3'
10.7441 	EXP 	ibody: text = 'intruction set 3'
10.7506 	EXP 	ibody: text = 'intruction set 3'
10.7576 	EXP 	ibody: text = 'intruction set 3'
10.7647 	EXP 	ibody: text = 'intruction set 3'
10.7715 	EXP 	ibody: text = 'intruction set 3'
10.7788 	EXP 	ibody: text = 'intruction set 3'
10.7853 	EXP 	ibody: text = 'intruction set 3'
10.7924 	EXP 	ibody: text = 'intruction set 3'
10.7993 	EXP 	ibody: text = 'intruction set 3'
10.8062 	EXP 	ibody: text = 'intruction set 3'
10.8132 	EXP 	ibody: text = 'intruction set 3'
10.8203 	EXP 	ibody: text = 'intruction set 3'
10.8272 	EXP 	ibody: text = 'intruction set 3'
10.8340 	EXP 	ibody: text = 'intruction set 3'
10.8410 	EXP 	ibody: text = 'intruction set 3'
10.8482 	EXP 	ibody: text = 'intruction set 3'
10.8548 	EXP 	ibody: text = 'intruction set 3'
10.8618 	EXP 	ibody: text = 'intruction set 3'
10.8689 	EXP 	ibody: text = 'intruction set 3'
10.8755 	EXP 	ibody: text = 'intruction set 3'
10.8828 	EXP 	ibody: text = 'intruction set 3'
10.8895 	EXP 	ibody: text = 'intruction set 3'
10.8965 	EXP 	ibody: text = 'intruction set 3'
10.9035 	EXP 	ibody: text = 'intruction set 3'
10.9104 	EXP 	ibody: text = 'intruction set 3'
10.9175 	EXP 	ibody: text = 'intruction set 3'
10.9243 	EXP 	ibody: text = 'intruction set 3'
10.9311 	EXP 	ibody: text = 'intruction set 3'
10.9384 	EXP 	ibody: text = 'intruction set 3'
10.9450 	EXP 	ibody: text = 'intruction set 3'
10.9521 	EXP 	ibody: text = 'intruction set 3'
10.9589 	EXP 	ibody: text = 'intruction set 3'
10.9659 	EXP 	ibody: text = 'intruction set 3'
10.9672 	DATA 	Keypress: space
10.9728 	EXP 	ibody: text = 'intruction set 3'
10.9798 	EXP 	ibody: text = 'intruction set 3'
10.9806 	EXP 	Created sequence: random, trialTypes=1, nReps=5, seed=None
10.9809 	EXP 	New trial (rep=0, index=0): None
10.9867 	EXP 	ibody: text = 'intruction set 3'
10.9867 	EXP 	ibody: autoDraw = False
10.9867 	EXP 	icontinue: autoDraw = False
10.9867 	EXP 	iheader: autoDraw = False
10.9867 	EXP 	pbox0: autoDraw = False
10.9867 	EXP 	pbox1: autoDraw = False
10.9867 	EXP 	pbox2: autoDraw = False
10.9867 	EXP 	pbox3: autoDraw = False
10.9867 	EXP 	pbox4: autoDraw = False
10.9867 	EXP 	pbox5: autoDraw = False
10.9939 	EXP 	pbox0: autoDraw = False
10.9939 	EXP 	pbox1: autoDraw = False
10.9939 	EXP 	pbox2: autoDraw = False
10.9939 	EXP 	pbox3: autoDraw = False
10.9939 	EXP 	pbox4: autoDraw = False
10.9939 	EXP 	pbox5: autoDraw = False
11.0007 	EXP 	pbox0: autoDraw = False
11.0007 	EXP 	pbox1: autoDraw = False
11.0007 	EXP 	pbox2: autoDraw = False
11.0007 	EXP 	pbox3: autoDraw = False
11.0007 	EXP 	pbox4: autoDraw = False
11.0007 	EXP 	pbox5: autoDraw = False
11.0077 	EXP 	pbox0: autoDraw = False
11.0077 	EXP 	pbox1: autoDraw = False
11.0077 	EXP 	pbox2: autoDraw = False
11.0077 	EXP 	pbox3: autoDraw = False
11.0077 	EXP 	pbox4: autoDraw = False
11.0077 	EXP 	pbox5: autoDraw = False
11.0147 	EXP 	pbox0: autoDraw = False
11.0147 	EXP 	pbox1: autoDraw = False
11.0147 	EXP 	pbox2: autoDraw = False
11.0147 	EXP 	pbox3: autoDraw = False
11.0147 	EXP 	pbox4: autoDraw = False
11.0147 	EXP 	pbox5: autoDraw = False
11.0215 	EXP 	pbox0: autoDraw = False
11.0215 	EXP 	pbox1: autoDraw = False
11.0215 	EXP 	pbox2: autoDraw = False
11.0215 	EXP 	pbox3: autoDraw = False
11.0215 	EXP 	pbox4: autoDraw = False
11.0215 	EXP 	pbox5: autoDraw = False
11.0286 	EXP 	pbox0: autoDraw = False
11.0286 	EXP 	pbox1: autoDraw = False
11.0286 	EXP 	pbox2: autoDraw = False
11.0286 	EXP 	pbox3: autoDraw = False
11.0286 	EXP 	pbox4: autoDraw = False
11.0286 	EXP 	pbox5: autoDraw = False
11.0354 	EXP 	pbox0: autoDraw = False
11.0354 	EXP 	pbox1: autoDraw = False
11.0354 	EXP 	pbox2: autoDraw = False
11.0354 	EXP 	pbox3: autoDraw = False
11.0354 	EXP 	pbox4: autoDraw = False
11.0354 	EXP 	pbox5: autoDraw = False
11.0422 	EXP 	pbox0: autoDraw = False
11.0422 	EXP 	pbox1: autoDraw = False
11.0422 	EXP 	pbox2: autoDraw = False
11.0422 	EXP 	pbox3: autoDraw = False
11.0422 	EXP 	pbox4: autoDraw = False
11.0422 	EXP 	pbox5: autoDraw = False
11.0494 	EXP 	pbox0: autoDraw = False
11.0494 	EXP 	pbox1: autoDraw = False
11.0494 	EXP 	pbox2: autoDraw = False
11.0494 	EXP 	pbox3: autoDraw = False
11.0494 	EXP 	pbox4: autoDraw = False
11.0494 	EXP 	pbox5: autoDraw = False
11.0563 	EXP 	pbox0: autoDraw = False
11.0563 	EXP 	pbox1: autoDraw = False
11.0563 	EXP 	pbox2: autoDraw = False
11.0563 	EXP 	pbox3: autoDraw = False
11.0563 	EXP 	pbox4: autoDraw = False
11.0563 	EXP 	pbox5: autoDraw = False
11.0632 	EXP 	pbox0: autoDraw = False
11.0632 	EXP 	pbox1: autoDraw = False
11.0632 	EXP 	pbox2: autoDraw = False
11.0632 	EXP 	pbox3: autoDraw = False
11.0632 	EXP 	pbox4: autoDraw = False
11.0632 	EXP 	pbox5: autoDraw = False
11.0700 	EXP 	pbox0: autoDraw = False
11.0700 	EXP 	pbox1: autoDraw = False
11.0700 	EXP 	pbox2: autoDraw = False
11.0700 	EXP 	pbox3: autoDraw = False
11.0700 	EXP 	pbox4: autoDraw = False
11.0700 	EXP 	pbox5: autoDraw = False
11.0770 	EXP 	pbox0: autoDraw = False
11.0770 	EXP 	pbox1: autoDraw = False
11.0770 	EXP 	pbox2: autoDraw = False
11.0770 	EXP 	pbox3: autoDraw = False
11.0770 	EXP 	pbox4: autoDraw = False
11.0770 	EXP 	pbox5: autoDraw = False
11.0842 	EXP 	pbox0: autoDraw = False
11.0842 	EXP 	pbox1: autoDraw = False
11.0842 	EXP 	pbox2: autoDraw = False
11.0842 	EXP 	pbox3: autoDraw = False
11.0842 	EXP 	pbox4: autoDraw = False
11.0842 	EXP 	pbox5: autoDraw = False
11.0908 	EXP 	pbox0: autoDraw = False
11.0908 	EXP 	pbox1: autoDraw = False
11.0908 	EXP 	pbox2: autoDraw = False
11.0908 	EXP 	pbox3: autoDraw = False
11.0908 	EXP 	pbox4: autoDraw = False
11.0908 	EXP 	pbox5: autoDraw = False
11.0981 	EXP 	pbox0: autoDraw = False
11.0981 	EXP 	pbox1: autoDraw = False
11.0981 	EXP 	pbox2: autoDraw = False
11.0981 	EXP 	pbox3: autoDraw = False
11.0981 	EXP 	pbox4: autoDraw = False
11.0981 	EXP 	pbox5: autoDraw = False
11.1049 	EXP 	pbox0: autoDraw = False
11.1049 	EXP 	pbox1: autoDraw = False
11.1049 	EXP 	pbox2: autoDraw = False
11.1049 	EXP 	pbox3: autoDraw = False
11.1049 	EXP 	pbox4: autoDraw = False
11.1049 	EXP 	pbox5: autoDraw = False
11.1120 	EXP 	pbox0: autoDraw = False
11.1120 	EXP 	pbox1: autoDraw = False
11.1120 	EXP 	pbox2: autoDraw = False
11.1120 	EXP 	pbox3: autoDraw = False
11.1120 	EXP 	pbox4: autoDraw = False
11.1120 	EXP 	pbox5: autoDraw = False
11.1188 	EXP 	pbox0: autoDraw = False
11.1188 	EXP 	pbox1: autoDraw = False
11.1188 	EXP 	pbox2: autoDraw = False
11.1188 	EXP 	pbox3: autoDraw = False
11.1188 	EXP 	pbox4: autoDraw = False
11.1188 	EXP 	pbox5: autoDraw = False
11.1257 	EXP 	pbox0: autoDraw = False
11.1257 	EXP 	pbox1: autoDraw = False
11.1257 	EXP 	pbox2: autoDraw = False
11.1257 	EXP 	pbox3: autoDraw = False
11.1257 	EXP 	pbox4: autoDraw = False
11.1257 	EXP 	pbox5: autoDraw = False
11.1327 	EXP 	pbox0: autoDraw = False
11.1327 	EXP 	pbox1: autoDraw = False
11.1327 	EXP 	pbox2: autoDraw = False
11.1327 	EXP 	pbox3: autoDraw = False
11.1327 	EXP 	pbox4: autoDraw = False
11.1327 	EXP 	pbox5: autoDraw = False
11.1397 	EXP 	pbox0: autoDraw = False
11.1397 	EXP 	pbox1: autoDraw = False
11.1397 	EXP 	pbox2: autoDraw = False
11.1397 	EXP 	pbox3: autoDraw = False
11.1397 	EXP 	pbox4: autoDraw = False
11.1397 	EXP 	pbox5: autoDraw = False
11.1465 	EXP 	pbox0: autoDraw = False
11.1465 	EXP 	pbox1: autoDraw = False
11.1465 	EXP 	pbox2: autoDraw = False
11.1465 	EXP 	pbox3: autoDraw = False
11.1465 	EXP 	pbox4: autoDraw = False
11.1465 	EXP 	pbox5: autoDraw = False
11.1534 	EXP 	pbox0: autoDraw = False
11.1534 	EXP 	pbox1: autoDraw = False
11.1534 	EXP 	pbox2: autoDraw = False
11.1534 	EXP 	pbox3: autoDraw = False
11.1534 	EXP 	pbox4: autoDraw = False
11.1534 	EXP 	pbox5: autoDraw = False
11.1603 	EXP 	pbox0: autoDraw = False
11.1603 	EXP 	pbox1: autoDraw = False
11.1603 	EXP 	pbox2: autoDraw = False
11.1603 	EXP 	pbox3: autoDraw = False
11.1603 	EXP 	pbox4: autoDraw = False
11.1603 	EXP 	pbox5: autoDraw = False
11.1673 	EXP 	pbox0: autoDraw = False
11.1673 	EXP 	pbox1: autoDraw = False
11.1673 	EXP 	pbox2: autoDraw = False
11.1673 	EXP 	pbox3: autoDraw = False
11.1673 	EXP 	pbox4: autoDraw = False
11.1673 	EXP 	pbox5: autoDraw = False
11.1741 	EXP 	pbox0: autoDraw = False
11.1741 	EXP 	pbox1: autoDraw = False
11.1741 	EXP 	pbox2: autoDraw = False
11.1741 	EXP 	pbox3: autoDraw = False
11.1741 	EXP 	pbox4: autoDraw = False
11.1741 	EXP 	pbox5: autoDraw = False
11.1813 	EXP 	pbox0: autoDraw = False
11.1813 	EXP 	pbox1: autoDraw = False
11.1813 	EXP 	pbox2: autoDraw = False
11.1813 	EXP 	pbox3: autoDraw = False
11.1813 	EXP 	pbox4: autoDraw = False
11.1813 	EXP 	pbox5: autoDraw = False
11.1884 	EXP 	pbox0: autoDraw = False
11.1884 	EXP 	pbox1: autoDraw = False
11.1884 	EXP 	pbox2: autoDraw = False
11.1884 	EXP 	pbox3: autoDraw = False
11.1884 	EXP 	pbox4: autoDraw = False
11.1884 	EXP 	pbox5: autoDraw = False
11.1951 	EXP 	pbox0: autoDraw = False
11.1951 	EXP 	pbox1: autoDraw = False
11.1951 	EXP 	pbox2: autoDraw = False
11.1951 	EXP 	pbox3: autoDraw = False
11.1951 	EXP 	pbox4: autoDraw = False
11.1951 	EXP 	pbox5: autoDraw = False
11.2020 	EXP 	pbox0: autoDraw = False
11.2020 	EXP 	pbox1: autoDraw = False
11.2020 	EXP 	pbox2: autoDraw = False
11.2020 	EXP 	pbox3: autoDraw = False
11.2020 	EXP 	pbox4: autoDraw = False
11.2020 	EXP 	pbox5: autoDraw = False
11.2092 	EXP 	pbox0: autoDraw = False
11.2092 	EXP 	pbox1: autoDraw = False
11.2092 	EXP 	pbox2: autoDraw = False
11.2092 	EXP 	pbox3: autoDraw = False
11.2092 	EXP 	pbox4: autoDraw = False
11.2092 	EXP 	pbox5: autoDraw = False
11.2160 	EXP 	pbox0: autoDraw = False
11.2160 	EXP 	pbox1: autoDraw = False
11.2160 	EXP 	pbox2: autoDraw = False
11.2160 	EXP 	pbox3: autoDraw = False
11.2160 	EXP 	pbox4: autoDraw = False
11.2160 	EXP 	pbox5: autoDraw = False
11.2229 	EXP 	pbox0: autoDraw = False
11.2229 	EXP 	pbox1: autoDraw = False
11.2229 	EXP 	pbox2: autoDraw = False
11.2229 	EXP 	pbox3: autoDraw = False
11.2229 	EXP 	pbox4: autoDraw = False
11.2229 	EXP 	pbox5: autoDraw = False
11.2300 	EXP 	pbox0: autoDraw = False
11.2300 	EXP 	pbox1: autoDraw = False
11.2300 	EXP 	pbox2: autoDraw = False
11.2300 	EXP 	pbox3: autoDraw = False
11.2300 	EXP 	pbox4: autoDraw = False
11.2300 	EXP 	pbox5: autoDraw = False
11.2370 	EXP 	pbox0: autoDraw = False
11.2370 	EXP 	pbox1: autoDraw = False
11.2370 	EXP 	pbox2: autoDraw = False
11.2370 	EXP 	pbox3: autoDraw = False
11.2370 	EXP 	pbox4: autoDraw = False
11.2370 	EXP 	pbox5: autoDraw = False
11.2437 	EXP 	pbox0: autoDraw = False
11.2437 	EXP 	pbox1: autoDraw = False
11.2437 	EXP 	pbox2: autoDraw = False
11.2437 	EXP 	pbox3: autoDraw = False
11.2437 	EXP 	pbox4: autoDraw = False
11.2437 	EXP 	pbox5: autoDraw = False
11.2506 	EXP 	pbox0: autoDraw = False
11.2506 	EXP 	pbox1: autoDraw = False
11.2506 	EXP 	pbox2: autoDraw = False
11.2506 	EXP 	pbox3: autoDraw = False
11.2506 	EXP 	pbox4: autoDraw = False
11.2506 	EXP 	pbox5: autoDraw = False
11.2579 	EXP 	pbox0: autoDraw = False
11.2579 	EXP 	pbox1: autoDraw = False
11.2579 	EXP 	pbox2: autoDraw = False
11.2579 	EXP 	pbox3: autoDraw = False
11.2579 	EXP 	pbox4: autoDraw = False
11.2579 	EXP 	pbox5: autoDraw = False
11.2645 	EXP 	pbox0: autoDraw = False
11.2645 	EXP 	pbox1: autoDraw = False
11.2645 	EXP 	pbox2: autoDraw = False
11.2645 	EXP 	pbox3: autoDraw = False
11.2645 	EXP 	pbox4: autoDraw = False
11.2645 	EXP 	pbox5: autoDraw = False
11.2717 	EXP 	pbox0: autoDraw = False
11.2717 	EXP 	pbox1: autoDraw = False
11.2717 	EXP 	pbox2: autoDraw = False
11.2717 	EXP 	pbox3: autoDraw = False
11.2717 	EXP 	pbox4: autoDraw = False
11.2717 	EXP 	pbox5: autoDraw = False
11.2786 	EXP 	pbox0: autoDraw = False
11.2786 	EXP 	pbox1: autoDraw = False
11.2786 	EXP 	pbox2: autoDraw = False
11.2786 	EXP 	pbox3: autoDraw = False
11.2786 	EXP 	pbox4: autoDraw = False
11.2786 	EXP 	pbox5: autoDraw = False
11.2858 	EXP 	pbox0: autoDraw = False
11.2858 	EXP 	pbox1: autoDraw = False
11.2858 	EXP 	pbox2: autoDraw = False
11.2858 	EXP 	pbox3: autoDraw = False
11.2858 	EXP 	pbox4: autoDraw = False
11.2858 	EXP 	pbox5: autoDraw = False
11.2926 	EXP 	pbox0: autoDraw = False
11.2926 	EXP 	pbox1: autoDraw = False
11.2926 	EXP 	pbox2: autoDraw = False
11.2926 	EXP 	pbox3: autoDraw = False
11.2926 	EXP 	pbox4: autoDraw = False
11.2926 	EXP 	pbox5: autoDraw = False
11.2998 	EXP 	pbox0: autoDraw = False
11.2998 	EXP 	pbox1: autoDraw = False
11.2998 	EXP 	pbox2: autoDraw = False
11.2998 	EXP 	pbox3: autoDraw = False
11.2998 	EXP 	pbox4: autoDraw = False
11.2998 	EXP 	pbox5: autoDraw = False
11.3065 	EXP 	pbox0: autoDraw = False
11.3065 	EXP 	pbox1: autoDraw = False
11.3065 	EXP 	pbox2: autoDraw = False
11.3065 	EXP 	pbox3: autoDraw = False
11.3065 	EXP 	pbox4: autoDraw = False
11.3065 	EXP 	pbox5: autoDraw = False
11.3133 	EXP 	pbox0: autoDraw = False
11.3133 	EXP 	pbox1: autoDraw = False
11.3133 	EXP 	pbox2: autoDraw = False
11.3133 	EXP 	pbox3: autoDraw = False
11.3133 	EXP 	pbox4: autoDraw = False
11.3133 	EXP 	pbox5: autoDraw = False
11.3203 	EXP 	pbox0: autoDraw = False
11.3203 	EXP 	pbox1: autoDraw = False
11.3203 	EXP 	pbox2: autoDraw = False
11.3203 	EXP 	pbox3: autoDraw = False
11.3203 	EXP 	pbox4: autoDraw = False
11.3203 	EXP 	pbox5: autoDraw = False
11.3269 	EXP 	pbox0: autoDraw = False
11.3269 	EXP 	pbox1: autoDraw = False
11.3269 	EXP 	pbox2: autoDraw = False
11.3269 	EXP 	pbox3: autoDraw = False
11.3269 	EXP 	pbox4: autoDraw = False
11.3269 	EXP 	pbox5: autoDraw = False
11.3342 	EXP 	pbox0: autoDraw = False
11.3342 	EXP 	pbox1: autoDraw = False
11.3342 	EXP 	pbox2: autoDraw = False
11.3342 	EXP 	pbox3: autoDraw = False
11.3342 	EXP 	pbox4: autoDraw = False
11.3342 	EXP 	pbox5: autoDraw = False
11.3409 	EXP 	pbox0: autoDraw = False
11.3409 	EXP 	pbox1: autoDraw = False
11.3409 	EXP 	pbox2: autoDraw = False
11.3409 	EXP 	pbox3: autoDraw = False
11.3409 	EXP 	pbox4: autoDraw = False
11.3409 	EXP 	pbox5: autoDraw = False
11.3481 	EXP 	pbox0: autoDraw = False
11.3481 	EXP 	pbox1: autoDraw = False
11.3481 	EXP 	pbox2: autoDraw = False
11.3481 	EXP 	pbox3: autoDraw = False
11.3481 	EXP 	pbox4: autoDraw = False
11.3481 	EXP 	pbox5: autoDraw = False
11.3552 	EXP 	pbox0: autoDraw = False
11.3552 	EXP 	pbox1: autoDraw = False
11.3552 	EXP 	pbox2: autoDraw = False
11.3552 	EXP 	pbox3: autoDraw = False
11.3552 	EXP 	pbox4: autoDraw = False
11.3552 	EXP 	pbox5: autoDraw = False
11.3619 	EXP 	pbox0: autoDraw = False
11.3619 	EXP 	pbox1: autoDraw = False
11.3619 	EXP 	pbox2: autoDraw = False
11.3619 	EXP 	pbox3: autoDraw = False
11.3619 	EXP 	pbox4: autoDraw = False
11.3619 	EXP 	pbox5: autoDraw = False
11.3690 	EXP 	pbox0: autoDraw = False
11.3690 	EXP 	pbox1: autoDraw = False
11.3690 	EXP 	pbox2: autoDraw = False
11.3690 	EXP 	pbox3: autoDraw = False
11.3690 	EXP 	pbox4: autoDraw = False
11.3690 	EXP 	pbox5: autoDraw = False
11.3758 	EXP 	pbox0: autoDraw = False
11.3758 	EXP 	pbox1: autoDraw = False
11.3758 	EXP 	pbox2: autoDraw = False
11.3758 	EXP 	pbox3: autoDraw = False
11.3758 	EXP 	pbox4: autoDraw = False
11.3758 	EXP 	pbox5: autoDraw = False
11.3827 	EXP 	pbox0: autoDraw = False
11.3827 	EXP 	pbox1: autoDraw = False
11.3827 	EXP 	pbox2: autoDraw = False
11.3827 	EXP 	pbox3: autoDraw = False
11.3827 	EXP 	pbox4: autoDraw = False
11.3827 	EXP 	pbox5: autoDraw = False
11.3898 	EXP 	pbox0: autoDraw = False
11.3898 	EXP 	pbox1: autoDraw = False
11.3898 	EXP 	pbox2: autoDraw = False
11.3898 	EXP 	pbox3: autoDraw = False
11.3898 	EXP 	pbox4: autoDraw = False
11.3898 	EXP 	pbox5: autoDraw = False
11.3968 	EXP 	pbox0: autoDraw = False
11.3968 	EXP 	pbox1: autoDraw = False
11.3968 	EXP 	pbox2: autoDraw = False
11.3968 	EXP 	pbox3: autoDraw = False
11.3968 	EXP 	pbox4: autoDraw = False
11.3968 	EXP 	pbox5: autoDraw = False
11.4034 	EXP 	pbox0: autoDraw = False
11.4034 	EXP 	pbox1: autoDraw = False
11.4034 	EXP 	pbox2: autoDraw = False
11.4034 	EXP 	pbox3: autoDraw = False
11.4034 	EXP 	pbox4: autoDraw = False
11.4034 	EXP 	pbox5: autoDraw = False
11.4105 	EXP 	pbox0: autoDraw = False
11.4105 	EXP 	pbox1: autoDraw = False
11.4105 	EXP 	pbox2: autoDraw = False
11.4105 	EXP 	pbox3: autoDraw = False
11.4105 	EXP 	pbox4: autoDraw = False
11.4105 	EXP 	pbox5: autoDraw = False
11.4178 	EXP 	pbox0: autoDraw = False
11.4178 	EXP 	pbox1: autoDraw = False
11.4178 	EXP 	pbox2: autoDraw = False
11.4178 	EXP 	pbox3: autoDraw = False
11.4178 	EXP 	pbox4: autoDraw = False
11.4178 	EXP 	pbox5: autoDraw = False
11.4242 	EXP 	pbox0: autoDraw = False
11.4242 	EXP 	pbox1: autoDraw = False
11.4242 	EXP 	pbox2: autoDraw = False
11.4242 	EXP 	pbox3: autoDraw = False
11.4242 	EXP 	pbox4: autoDraw = False
11.4242 	EXP 	pbox5: autoDraw = False
11.4313 	EXP 	pbox0: autoDraw = False
11.4313 	EXP 	pbox1: autoDraw = False
11.4313 	EXP 	pbox2: autoDraw = False
11.4313 	EXP 	pbox3: autoDraw = False
11.4313 	EXP 	pbox4: autoDraw = False
11.4313 	EXP 	pbox5: autoDraw = False
11.4385 	EXP 	pbox0: autoDraw = False
11.4385 	EXP 	pbox1: autoDraw = False
11.4385 	EXP 	pbox2: autoDraw = False
11.4385 	EXP 	pbox3: autoDraw = False
11.4385 	EXP 	pbox4: autoDraw = False
11.4385 	EXP 	pbox5: autoDraw = False
11.4454 	EXP 	pbox0: autoDraw = False
11.4454 	EXP 	pbox1: autoDraw = False
11.4454 	EXP 	pbox2: autoDraw = False
11.4454 	EXP 	pbox3: autoDraw = False
11.4454 	EXP 	pbox4: autoDraw = False
11.4454 	EXP 	pbox5: autoDraw = False
11.4517 	EXP 	pbox0: autoDraw = False
11.4517 	EXP 	pbox1: autoDraw = False
11.4517 	EXP 	pbox2: autoDraw = False
11.4517 	EXP 	pbox3: autoDraw = False
11.4517 	EXP 	pbox4: autoDraw = False
11.4517 	EXP 	pbox5: autoDraw = False
11.4592 	EXP 	pbox0: autoDraw = False
11.4592 	EXP 	pbox1: autoDraw = False
11.4592 	EXP 	pbox2: autoDraw = False
11.4592 	EXP 	pbox3: autoDraw = False
11.4592 	EXP 	pbox4: autoDraw = False
11.4592 	EXP 	pbox5: autoDraw = False
11.4660 	EXP 	pbox0: autoDraw = False
11.4660 	EXP 	pbox1: autoDraw = False
11.4660 	EXP 	pbox2: autoDraw = False
11.4660 	EXP 	pbox3: autoDraw = False
11.4660 	EXP 	pbox4: autoDraw = False
11.4660 	EXP 	pbox5: autoDraw = False
11.4729 	EXP 	pbox0: autoDraw = False
11.4729 	EXP 	pbox1: autoDraw = False
11.4729 	EXP 	pbox2: autoDraw = False
11.4729 	EXP 	pbox3: autoDraw = False
11.4729 	EXP 	pbox4: autoDraw = False
11.4729 	EXP 	pbox5: autoDraw = False
11.4803 	EXP 	pbox0: autoDraw = False
11.4803 	EXP 	pbox1: autoDraw = False
11.4803 	EXP 	pbox2: autoDraw = False
11.4803 	EXP 	pbox3: autoDraw = False
11.4803 	EXP 	pbox4: autoDraw = False
11.4803 	EXP 	pbox5: autoDraw = False
11.4869 	EXP 	pbox0: autoDraw = False
11.4869 	EXP 	pbox1: autoDraw = False
11.4869 	EXP 	pbox2: autoDraw = False
11.4869 	EXP 	pbox3: autoDraw = False
11.4869 	EXP 	pbox4: autoDraw = False
11.4869 	EXP 	pbox5: autoDraw = False
11.4941 	EXP 	pbox0: autoDraw = False
11.4941 	EXP 	pbox1: autoDraw = False
11.4941 	EXP 	pbox2: autoDraw = False
11.4941 	EXP 	pbox3: autoDraw = False
11.4941 	EXP 	pbox4: autoDraw = False
11.4941 	EXP 	pbox5: autoDraw = False
11.5006 	EXP 	pbox0: autoDraw = False
11.5006 	EXP 	pbox1: autoDraw = False
11.5006 	EXP 	pbox2: autoDraw = False
11.5006 	EXP 	pbox3: autoDraw = False
11.5006 	EXP 	pbox4: autoDraw = False
11.5006 	EXP 	pbox5: autoDraw = False
11.5079 	EXP 	pbox0: autoDraw = False
11.5079 	EXP 	pbox1: autoDraw = False
11.5079 	EXP 	pbox2: autoDraw = False
11.5079 	EXP 	pbox3: autoDraw = False
11.5079 	EXP 	pbox4: autoDraw = False
11.5079 	EXP 	pbox5: autoDraw = False
11.5145 	EXP 	pbox0: autoDraw = False
11.5145 	EXP 	pbox1: autoDraw = False
11.5145 	EXP 	pbox2: autoDraw = False
11.5145 	EXP 	pbox3: autoDraw = False
11.5145 	EXP 	pbox4: autoDraw = False
11.5145 	EXP 	pbox5: autoDraw = False
11.5217 	EXP 	pbox0: autoDraw = False
11.5217 	EXP 	pbox1: autoDraw = False
11.5217 	EXP 	pbox2: autoDraw = False
11.5217 	EXP 	pbox3: autoDraw = False
11.5217 	EXP 	pbox4: autoDraw = False
11.5217 	EXP 	pbox5: autoDraw = False
11.5286 	EXP 	pbox0: autoDraw = False
11.5286 	EXP 	pbox1: autoDraw = False
11.5286 	EXP 	pbox2: autoDraw = False
11.5286 	EXP 	pbox3: autoDraw = False
11.5286 	EXP 	pbox4: autoDraw = False
11.5286 	EXP 	pbox5: autoDraw = False
11.5354 	EXP 	pbox0: autoDraw = False
11.5354 	EXP 	pbox1: autoDraw = False
11.5354 	EXP 	pbox2: autoDraw = False
11.5354 	EXP 	pbox3: autoDraw = False
11.5354 	EXP 	pbox4: autoDraw = False
11.5354 	EXP 	pbox5: autoDraw = False
11.5425 	EXP 	pbox0: autoDraw = False
11.5425 	EXP 	pbox1: autoDraw = False
11.5425 	EXP 	pbox2: autoDraw = False
11.5425 	EXP 	pbox3: autoDraw = False
11.5425 	EXP 	pbox4: autoDraw = False
11.5425 	EXP 	pbox5: autoDraw = False
11.5491 	EXP 	pbox0: autoDraw = False
11.5491 	EXP 	pbox1: autoDraw = False
11.5491 	EXP 	pbox2: autoDraw = False
11.5491 	EXP 	pbox3: autoDraw = False
11.5491 	EXP 	pbox4: autoDraw = False
11.5491 	EXP 	pbox5: autoDraw = False
11.5562 	EXP 	pbox0: autoDraw = False
11.5562 	EXP 	pbox1: autoDraw = False
11.5562 	EXP 	pbox2: autoDraw = False
11.5562 	EXP 	pbox3: autoDraw = False
11.5562 	EXP 	pbox4: autoDraw = False
11.5562 	EXP 	pbox5: autoDraw = False
11.5631 	EXP 	pbox0: autoDraw = False
11.5631 	EXP 	pbox1: autoDraw = False
11.5631 	EXP 	pbox2: autoDraw = False
11.5631 	EXP 	pbox3: autoDraw = False
11.5631 	EXP 	pbox4: autoDraw = False
11.5631 	EXP 	pbox5: autoDraw = False
11.5703 	EXP 	pbox0: autoDraw = False
11.5703 	EXP 	pbox1: autoDraw = False
11.5703 	EXP 	pbox2: autoDraw = False
11.5703 	EXP 	pbox3: autoDraw = False
11.5703 	EXP 	pbox4: autoDraw = False
11.5703 	EXP 	pbox5: autoDraw = False
11.5771 	EXP 	pbox0: autoDraw = False
11.5771 	EXP 	pbox1: autoDraw = False
11.5771 	EXP 	pbox2: autoDraw = False
11.5771 	EXP 	pbox3: autoDraw = False
11.5771 	EXP 	pbox4: autoDraw = False
11.5771 	EXP 	pbox5: autoDraw = False
11.5841 	EXP 	pbox0: autoDraw = False
11.5841 	EXP 	pbox1: autoDraw = False
11.5841 	EXP 	pbox2: autoDraw = False
11.5841 	EXP 	pbox3: autoDraw = False
11.5841 	EXP 	pbox4: autoDraw = False
11.5841 	EXP 	pbox5: autoDraw = False
11.5910 	EXP 	pbox0: autoDraw = False
11.5910 	EXP 	pbox1: autoDraw = False
11.5910 	EXP 	pbox2: autoDraw = False
11.5910 	EXP 	pbox3: autoDraw = False
11.5910 	EXP 	pbox4: autoDraw = False
11.5910 	EXP 	pbox5: autoDraw = False
11.5982 	EXP 	pbox0: autoDraw = False
11.5982 	EXP 	pbox1: autoDraw = False
11.5982 	EXP 	pbox2: autoDraw = False
11.5982 	EXP 	pbox3: autoDraw = False
11.5982 	EXP 	pbox4: autoDraw = False
11.5982 	EXP 	pbox5: autoDraw = False
11.6048 	EXP 	pbox0: autoDraw = False
11.6048 	EXP 	pbox1: autoDraw = False
11.6048 	EXP 	pbox2: autoDraw = False
11.6048 	EXP 	pbox3: autoDraw = False
11.6048 	EXP 	pbox4: autoDraw = False
11.6048 	EXP 	pbox5: autoDraw = False
11.6119 	EXP 	pbox0: autoDraw = False
11.6119 	EXP 	pbox1: autoDraw = False
11.6119 	EXP 	pbox2: autoDraw = False
11.6119 	EXP 	pbox3: autoDraw = False
11.6119 	EXP 	pbox4: autoDraw = False
11.6119 	EXP 	pbox5: autoDraw = False
11.6188 	EXP 	pbox0: autoDraw = False
11.6188 	EXP 	pbox1: autoDraw = False
11.6188 	EXP 	pbox2: autoDraw = False
11.6188 	EXP 	pbox3: autoDraw = False
11.6188 	EXP 	pbox4: autoDraw = False
11.6188 	EXP 	pbox5: autoDraw = False
11.6256 	EXP 	pbox0: autoDraw = False
11.6256 	EXP 	pbox1: autoDraw = False
11.6256 	EXP 	pbox2: autoDraw = False
11.6256 	EXP 	pbox3: autoDraw = False
11.6256 	EXP 	pbox4: autoDraw = False
11.6256 	EXP 	pbox5: autoDraw = False
11.6325 	EXP 	pbox0: autoDraw = False
11.6325 	EXP 	pbox1: autoDraw = False
11.6325 	EXP 	pbox2: autoDraw = False
11.6325 	EXP 	pbox3: autoDraw = False
11.6325 	EXP 	pbox4: autoDraw = False
11.6325 	EXP 	pbox5: autoDraw = False
11.6395 	EXP 	pbox0: autoDraw = False
11.6395 	EXP 	pbox1: autoDraw = False
11.6395 	EXP 	pbox2: autoDraw = False
11.6395 	EXP 	pbox3: autoDraw = False
11.6395 	EXP 	pbox4: autoDraw = False
11.6395 	EXP 	pbox5: autoDraw = False
11.6467 	EXP 	pbox0: autoDraw = False
11.6467 	EXP 	pbox1: autoDraw = False
11.6467 	EXP 	pbox2: autoDraw = False
11.6467 	EXP 	pbox3: autoDraw = False
11.6467 	EXP 	pbox4: autoDraw = False
11.6467 	EXP 	pbox5: autoDraw = False
11.6535 	EXP 	pbox0: autoDraw = False
11.6535 	EXP 	pbox1: autoDraw = False
11.6535 	EXP 	pbox2: autoDraw = False
11.6535 	EXP 	pbox3: autoDraw = False
11.6535 	EXP 	pbox4: autoDraw = False
11.6535 	EXP 	pbox5: autoDraw = False
11.6603 	EXP 	pbox0: autoDraw = False
11.6603 	EXP 	pbox1: autoDraw = False
11.6603 	EXP 	pbox2: autoDraw = False
11.6603 	EXP 	pbox3: autoDraw = False
11.6603 	EXP 	pbox4: autoDraw = False
11.6603 	EXP 	pbox5: autoDraw = False
11.6675 	EXP 	pbox0: autoDraw = False
11.6675 	EXP 	pbox1: autoDraw = False
11.6675 	EXP 	pbox2: autoDraw = False
11.6675 	EXP 	pbox3: autoDraw = False
11.6675 	EXP 	pbox4: autoDraw = False
11.6675 	EXP 	pbox5: autoDraw = False
11.6739 	EXP 	pbox0: autoDraw = False
11.6739 	EXP 	pbox1: autoDraw = False
11.6739 	EXP 	pbox2: autoDraw = False
11.6739 	EXP 	pbox3: autoDraw = False
11.6739 	EXP 	pbox4: autoDraw = False
11.6739 	EXP 	pbox5: autoDraw = False
11.6813 	EXP 	pbox0: autoDraw = False
11.6813 	EXP 	pbox1: autoDraw = False
11.6813 	EXP 	pbox2: autoDraw = False
11.6813 	EXP 	pbox3: autoDraw = False
11.6813 	EXP 	pbox4: autoDraw = False
11.6813 	EXP 	pbox5: autoDraw = False
11.6884 	EXP 	pbox0: autoDraw = False
11.6884 	EXP 	pbox1: autoDraw = False
11.6884 	EXP 	pbox2: autoDraw = False
11.6884 	EXP 	pbox3: autoDraw = False
11.6884 	EXP 	pbox4: autoDraw = False
11.6884 	EXP 	pbox5: autoDraw = False
11.6954 	EXP 	pbox0: autoDraw = False
11.6954 	EXP 	pbox1: autoDraw = False
11.6954 	EXP 	pbox2: autoDraw = False
11.6954 	EXP 	pbox3: autoDraw = False
11.6954 	EXP 	pbox4: autoDraw = False
11.6954 	EXP 	pbox5: autoDraw = False
11.7018 	EXP 	pbox0: autoDraw = False
11.7018 	EXP 	pbox1: autoDraw = False
11.7018 	EXP 	pbox2: autoDraw = False
11.7018 	EXP 	pbox3: autoDraw = False
11.7018 	EXP 	pbox4: autoDraw = False
11.7018 	EXP 	pbox5: autoDraw = False
11.7093 	EXP 	pbox0: autoDraw = False
11.7093 	EXP 	pbox1: autoDraw = False
11.7093 	EXP 	pbox2: autoDraw = False
11.7093 	EXP 	pbox3: autoDraw = False
11.7093 	EXP 	pbox4: autoDraw = False
11.7093 	EXP 	pbox5: autoDraw = False
11.7161 	EXP 	pbox0: autoDraw = False
11.7161 	EXP 	pbox1: autoDraw = False
11.7161 	EXP 	pbox2: autoDraw = False
11.7161 	EXP 	pbox3: autoDraw = False
11.7161 	EXP 	pbox4: autoDraw = False
11.7161 	EXP 	pbox5: autoDraw = False
11.7229 	EXP 	pbox0: autoDraw = False
11.7229 	EXP 	pbox1: autoDraw = False
11.7229 	EXP 	pbox2: autoDraw = False
11.7229 	EXP 	pbox3: autoDraw = False
11.7229 	EXP 	pbox4: autoDraw = False
11.7229 	EXP 	pbox5: autoDraw = False
11.7298 	EXP 	pbox0: autoDraw = False
11.7298 	EXP 	pbox1: autoDraw = False
11.7298 	EXP 	pbox2: autoDraw = False
11.7298 	EXP 	pbox3: autoDraw = False
11.7298 	EXP 	pbox4: autoDraw = False
11.7298 	EXP 	pbox5: autoDraw = False
11.7369 	EXP 	pbox0: autoDraw = False
11.7369 	EXP 	pbox1: autoDraw = False
11.7369 	EXP 	pbox2: autoDraw = False
11.7369 	EXP 	pbox3: autoDraw = False
11.7369 	EXP 	pbox4: autoDraw = False
11.7369 	EXP 	pbox5: autoDraw = False
11.7444 	EXP 	pbox0: autoDraw = False
11.7444 	EXP 	pbox1: autoDraw = False
11.7444 	EXP 	pbox2: autoDraw = False
11.7444 	EXP 	pbox3: autoDraw = False
11.7444 	EXP 	pbox4: autoDraw = False
11.7444 	EXP 	pbox5: autoDraw = False
11.7508 	EXP 	pbox0: autoDraw = False
11.7508 	EXP 	pbox1: autoDraw = False
11.7508 	EXP 	pbox2: autoDraw = False
11.7508 	EXP 	pbox3: autoDraw = False
11.7508 	EXP 	pbox4: autoDraw = False
11.7508 	EXP 	pbox5: autoDraw = False
11.7578 	EXP 	pbox0: autoDraw = False
11.7578 	EXP 	pbox1: autoDraw = False
11.7578 	EXP 	pbox2: autoDraw = False
11.7578 	EXP 	pbox3: autoDraw = False
11.7578 	EXP 	pbox4: autoDraw = False
11.7578 	EXP 	pbox5: autoDraw = False
11.7644 	EXP 	pbox0: autoDraw = False
11.7644 	EXP 	pbox1: autoDraw = False
11.7644 	EXP 	pbox2: autoDraw = False
11.7644 	EXP 	pbox3: autoDraw = False
11.7644 	EXP 	pbox4: autoDraw = False
11.7644 	EXP 	pbox5: autoDraw = False
11.7715 	EXP 	pbox0: autoDraw = False
11.7715 	EXP 	pbox1: autoDraw = False
11.7715 	EXP 	pbox2: autoDraw = False
11.7715 	EXP 	pbox3: autoDraw = False
11.7715 	EXP 	pbox4: autoDraw = False
11.7715 	EXP 	pbox5: autoDraw = False
11.7789 	EXP 	pbox0: autoDraw = False
11.7789 	EXP 	pbox1: autoDraw = False
11.7789 	EXP 	pbox2: autoDraw = False
11.7789 	EXP 	pbox3: autoDraw = False
11.7789 	EXP 	pbox4: autoDraw = False
11.7789 	EXP 	pbox5: autoDraw = False
11.7853 	EXP 	pbox0: autoDraw = False
11.7853 	EXP 	pbox1: autoDraw = False
11.7853 	EXP 	pbox2: autoDraw = False
11.7853 	EXP 	pbox3: autoDraw = False
11.7853 	EXP 	pbox4: autoDraw = False
11.7853 	EXP 	pbox5: autoDraw = False
11.7923 	EXP 	pbox0: autoDraw = False
11.7923 	EXP 	pbox1: autoDraw = False
11.7923 	EXP 	pbox2: autoDraw = False
11.7923 	EXP 	pbox3: autoDraw = False
11.7923 	EXP 	pbox4: autoDraw = False
11.7923 	EXP 	pbox5: autoDraw = False
11.7992 	EXP 	pbox0: autoDraw = False
11.7992 	EXP 	pbox1: autoDraw = False
11.7992 	EXP 	pbox2: autoDraw = False
11.7992 	EXP 	pbox3: autoDraw = False
11.7992 	EXP 	pbox4: autoDraw = False
11.7992 	EXP 	pbox5: autoDraw = False
11.8061 	EXP 	pbox0: autoDraw = False
11.8061 	EXP 	pbox1: autoDraw = False
11.8061 	EXP 	pbox2: autoDraw = False
11.8061 	EXP 	pbox3: autoDraw = False
11.8061 	EXP 	pbox4: autoDraw = False
11.8061 	EXP 	pbox5: autoDraw = False
11.8132 	EXP 	pbox0: autoDraw = False
11.8132 	EXP 	pbox1: autoDraw = False
11.8132 	EXP 	pbox2: autoDraw = False
11.8132 	EXP 	pbox3: autoDraw = False
11.8132 	EXP 	pbox4: autoDraw = False
11.8132 	EXP 	pbox5: autoDraw = False
11.8205 	EXP 	pbox0: autoDraw = False
11.8205 	EXP 	pbox1: autoDraw = False
11.8205 	EXP 	pbox2: autoDraw = False
11.8205 	EXP 	pbox3: autoDraw = False
11.8205 	EXP 	pbox4: autoDraw = False
11.8205 	EXP 	pbox5: autoDraw = False
11.8267 	EXP 	pbox0: autoDraw = False
11.8267 	EXP 	pbox1: autoDraw = False
11.8267 	EXP 	pbox2: autoDraw = False
11.8267 	EXP 	pbox3: autoDraw = False
11.8267 	EXP 	pbox4: autoDraw = False
11.8267 	EXP 	pbox5: autoDraw = False
11.8338 	EXP 	pbox0: autoDraw = False
11.8338 	EXP 	pbox1: autoDraw = False
11.8338 	EXP 	pbox2: autoDraw = False
11.8338 	EXP 	pbox3: autoDraw = False
11.8338 	EXP 	pbox4: autoDraw = False
11.8338 	EXP 	pbox5: autoDraw = False
11.8411 	EXP 	pbox0: autoDraw = False
11.8411 	EXP 	pbox1: autoDraw = False
11.8411 	EXP 	pbox2: autoDraw = False
11.8411 	EXP 	pbox3: autoDraw = False
11.8411 	EXP 	pbox4: autoDraw = False
11.8411 	EXP 	pbox5: autoDraw = False
11.8481 	EXP 	pbox0: autoDraw = False
11.8481 	EXP 	pbox1: autoDraw = False
11.8481 	EXP 	pbox2: autoDraw = False
11.8481 	EXP 	pbox3: autoDraw = False
11.8481 	EXP 	pbox4: autoDraw = False
11.8481 	EXP 	pbox5: autoDraw = False
11.8549 	EXP 	pbox0: autoDraw = False
11.8549 	EXP 	pbox1: autoDraw = False
11.8549 	EXP 	pbox2: autoDraw = False
11.8549 	EXP 	pbox3: autoDraw = False
11.8549 	EXP 	pbox4: autoDraw = False
11.8549 	EXP 	pbox5: autoDraw = False
11.8619 	EXP 	pbox0: autoDraw = False
11.8619 	EXP 	pbox1: autoDraw = False
11.8619 	EXP 	pbox2: autoDraw = False
11.8619 	EXP 	pbox3: autoDraw = False
11.8619 	EXP 	pbox4: autoDraw = False
11.8619 	EXP 	pbox5: autoDraw = False
11.8632 	DATA 	Keypress: space
11.8691 	EXP 	pbox0: autoDraw = False
11.8691 	EXP 	pbox1: autoDraw = False
11.8691 	EXP 	pbox2: autoDraw = False
11.8691 	EXP 	pbox3: autoDraw = False
11.8691 	EXP 	pbox4: autoDraw = False
11.8691 	EXP 	pbox5: autoDraw = False
11.8760 	EXP 	pbox0: autoDraw = False
11.8760 	EXP 	pbox1: autoDraw = False
11.8760 	EXP 	pbox2: autoDraw = False
11.8760 	EXP 	pbox3: autoDraw = False
11.8760 	EXP 	pbox4: autoDraw = False
11.8760 	EXP 	pbox5: autoDraw = False
11.8826 	EXP 	pbox0: autoDraw = False
11.8826 	EXP 	pbox1: autoDraw = False
11.8826 	EXP 	pbox2: autoDraw = False
11.8826 	EXP 	pbox3: autoDraw = False
11.8826 	EXP 	pbox4: autoDraw = False
11.8826 	EXP 	pbox5: autoDraw = False
11.8896 	EXP 	pbox0: autoDraw = False
11.8896 	EXP 	pbox1: autoDraw = False
11.8896 	EXP 	pbox2: autoDraw = False
11.8896 	EXP 	pbox3: autoDraw = False
11.8896 	EXP 	pbox4: autoDraw = False
11.8896 	EXP 	pbox5: autoDraw = False
11.8964 	EXP 	pbox0: autoDraw = False
11.8964 	EXP 	pbox1: autoDraw = False
11.8964 	EXP 	pbox2: autoDraw = False
11.8964 	EXP 	pbox3: autoDraw = False
11.8964 	EXP 	pbox4: autoDraw = False
11.8964 	EXP 	pbox5: autoDraw = False
11.9035 	EXP 	pbox0: autoDraw = False
11.9035 	EXP 	pbox1: autoDraw = False
11.9035 	EXP 	pbox2: autoDraw = False
11.9035 	EXP 	pbox3: autoDraw = False
11.9035 	EXP 	pbox4: autoDraw = False
11.9035 	EXP 	pbox5: autoDraw = False
11.9103 	EXP 	pbox0: autoDraw = False
11.9103 	EXP 	pbox1: autoDraw = False
11.9103 	EXP 	pbox2: autoDraw = False
11.9103 	EXP 	pbox3: autoDraw = False
11.9103 	EXP 	pbox4: autoDraw = False
11.9103 	EXP 	pbox5: autoDraw = False
11.9176 	EXP 	pbox0: autoDraw = False
11.9176 	EXP 	pbox1: autoDraw = False
11.9176 	EXP 	pbox2: autoDraw = False
11.9176 	EXP 	pbox3: autoDraw = False
11.9176 	EXP 	pbox4: autoDraw = False
11.9176 	EXP 	pbox5: autoDraw = False
11.9243 	EXP 	pbox0: autoDraw = False
11.9243 	EXP 	pbox1: autoDraw = False
11.9243 	EXP 	pbox2: autoDraw = False
11.9243 	EXP 	pbox3: autoDraw = False
11.9243 	EXP 	pbox4: autoDraw = False
11.9243 	EXP 	pbox5: autoDraw = False
11.9311 	EXP 	pbox0: autoDraw = False
11.9311 	EXP 	pbox1: autoDraw = False
11.9311 	EXP 	pbox2: autoDraw = False
11.9311 	EXP 	pbox3: autoDraw = False
11.9311 	EXP 	pbox4: autoDraw = False
11.9311 	EXP 	pbox5: autoDraw = False
11.9384 	EXP 	pbox0: autoDraw = False
11.9384 	EXP 	pbox1: autoDraw = False
11.9384 	EXP 	pbox2: autoDraw = False
11.9384 	EXP 	pbox3: autoDraw = False
11.9384 	EXP 	pbox4: autoDraw = False
11.9384 	EXP 	pbox5: autoDraw = False
11.9453 	EXP 	pbox0: autoDraw = False
11.9453 	EXP 	pbox1: autoDraw = False
11.9453 	EXP 	pbox2: autoDraw = False
11.9453 	EXP 	pbox3: autoDraw = False
11.9453 	EXP 	pbox4: autoDraw = False
11.9453 	EXP 	pbox5: autoDraw = False
11.9518 	EXP 	pbox0: autoDraw = False
11.9518 	EXP 	pbox1: autoDraw = False
11.9518 	EXP 	pbox2: autoDraw = False
11.9518 	EXP 	pbox3: autoDraw = False
11.9518 	EXP 	pbox4: autoDraw = False
11.9518 	EXP 	pbox5: autoDraw = False
11.9591 	EXP 	pbox0: autoDraw = False
11.9591 	EXP 	pbox1: autoDraw = False
11.9591 	EXP 	pbox2: autoDraw = False
11.9591 	EXP 	pbox3: autoDraw = False
11.9591 	EXP 	pbox4: autoDraw = False
11.9591 	EXP 	pbox5: autoDraw = False
11.9659 	EXP 	pbox0: autoDraw = False
11.9659 	EXP 	pbox1: autoDraw = False
11.9659 	EXP 	pbox2: autoDraw = False
11.9659 	EXP 	pbox3: autoDraw = False
11.9659 	EXP 	pbox4: autoDraw = False
11.9659 	EXP 	pbox5: autoDraw = False
11.9728 	EXP 	pbox0: autoDraw = False
11.9728 	EXP 	pbox1: autoDraw = False
11.9728 	EXP 	pbox2: autoDraw = False
11.9728 	EXP 	pbox3: autoDraw = False
11.9728 	EXP 	pbox4: autoDraw = False
11.9728 	EXP 	pbox5: autoDraw = False
11.9798 	EXP 	pbox0: autoDraw = False
11.9798 	EXP 	pbox1: autoDraw = False
11.9798 	EXP 	pbox2: autoDraw = False
11.9798 	EXP 	pbox3: autoDraw = False
11.9798 	EXP 	pbox4: autoDraw = False
11.9798 	EXP 	pbox5: autoDraw = False
11.9868 	EXP 	pbox0: autoDraw = False
11.9868 	EXP 	pbox1: autoDraw = False
11.9868 	EXP 	pbox2: autoDraw = False
11.9868 	EXP 	pbox3: autoDraw = False
11.9868 	EXP 	pbox4: autoDraw = False
11.9868 	EXP 	pbox5: autoDraw = False
11.9934 	EXP 	pbox0: autoDraw = False
11.9934 	EXP 	pbox1: autoDraw = False
11.9934 	EXP 	pbox2: autoDraw = False
11.9934 	EXP 	pbox3: autoDraw = False
11.9934 	EXP 	pbox4: autoDraw = False
11.9934 	EXP 	pbox5: autoDraw = False
12.0005 	EXP 	pbox0: autoDraw = False
12.0005 	EXP 	pbox1: autoDraw = False
12.0005 	EXP 	pbox2: autoDraw = False
12.0005 	EXP 	pbox3: autoDraw = False
12.0005 	EXP 	pbox4: autoDraw = False
12.0005 	EXP 	pbox5: autoDraw = False
12.0080 	EXP 	pbox0: autoDraw = False
12.0080 	EXP 	pbox1: autoDraw = False
12.0080 	EXP 	pbox2: autoDraw = False
12.0080 	EXP 	pbox3: autoDraw = False
12.0080 	EXP 	pbox4: autoDraw = False
12.0080 	EXP 	pbox5: autoDraw = False
12.0145 	EXP 	pbox0: autoDraw = False
12.0145 	EXP 	pbox1: autoDraw = False
12.0145 	EXP 	pbox2: autoDraw = False
12.0145 	EXP 	pbox3: autoDraw = False
12.0145 	EXP 	pbox4: autoDraw = False
12.0145 	EXP 	pbox5: autoDraw = False
12.0216 	EXP 	pbox0: autoDraw = False
12.0216 	EXP 	pbox1: autoDraw = False
12.0216 	EXP 	pbox2: autoDraw = False
12.0216 	EXP 	pbox3: autoDraw = False
12.0216 	EXP 	pbox4: autoDraw = False
12.0216 	EXP 	pbox5: autoDraw = False
12.0286 	EXP 	pbox0: autoDraw = False
12.0286 	EXP 	pbox1: autoDraw = False
12.0286 	EXP 	pbox2: autoDraw = False
12.0286 	EXP 	pbox3: autoDraw = False
12.0286 	EXP 	pbox4: autoDraw = False
12.0286 	EXP 	pbox5: autoDraw = False
12.0353 	EXP 	pbox0: autoDraw = False
12.0353 	EXP 	pbox1: autoDraw = False
12.0353 	EXP 	pbox2: autoDraw = False
12.0353 	EXP 	pbox3: autoDraw = False
12.0353 	EXP 	pbox4: autoDraw = False
12.0353 	EXP 	pbox5: autoDraw = False
12.0423 	EXP 	pbox0: autoDraw = False
12.0423 	EXP 	pbox1: autoDraw = False
12.0423 	EXP 	pbox2: autoDraw = False
12.0423 	EXP 	pbox3: autoDraw = False
12.0423 	EXP 	pbox4: autoDraw = False
12.0423 	EXP 	pbox5: autoDraw = False
12.0493 	EXP 	pbox0: autoDraw = False
12.0493 	EXP 	pbox1: autoDraw = False
12.0493 	EXP 	pbox2: autoDraw = False
12.0493 	EXP 	pbox3: autoDraw = False
12.0493 	EXP 	pbox4: autoDraw = False
12.0493 	EXP 	pbox5: autoDraw = False
12.0564 	EXP 	pbox0: autoDraw = False
12.0564 	EXP 	pbox1: autoDraw = False
12.0564 	EXP 	pbox2: autoDraw = False
12.0564 	EXP 	pbox3: autoDraw = False
12.0564 	EXP 	pbox4: autoDraw = False
12.0564 	EXP 	pbox5: autoDraw = False
12.0632 	EXP 	pbox0: autoDraw = False
12.0632 	EXP 	pbox1: autoDraw = False
12.0632 	EXP 	pbox2: autoDraw = False
12.0632 	EXP 	pbox3: autoDraw = False
12.0632 	EXP 	pbox4: autoDraw = False
12.0632 	EXP 	pbox5: autoDraw = False
12.0705 	EXP 	pbox0: autoDraw = False
12.0705 	EXP 	pbox1: autoDraw = False
12.0705 	EXP 	pbox2: autoDraw = False
12.0705 	EXP 	pbox3: autoDraw = False
12.0705 	EXP 	pbox4: autoDraw = False
12.0705 	EXP 	pbox5: autoDraw = False
12.0775 	EXP 	pbox0: autoDraw = False
12.0775 	EXP 	pbox1: autoDraw = False
12.0775 	EXP 	pbox2: autoDraw = False
12.0775 	EXP 	pbox3: autoDraw = False
12.0775 	EXP 	pbox4: autoDraw = False
12.0775 	EXP 	pbox5: autoDraw = False
12.0841 	EXP 	pbox0: autoDraw = False
12.0841 	EXP 	pbox1: autoDraw = False
12.0841 	EXP 	pbox2: autoDraw = False
12.0841 	EXP 	pbox3: autoDraw = False
12.0841 	EXP 	pbox4: autoDraw = False
12.0841 	EXP 	pbox5: autoDraw = False
12.0909 	EXP 	pbox0: autoDraw = False
12.0909 	EXP 	pbox1: autoDraw = False
12.0909 	EXP 	pbox2: autoDraw = False
12.0909 	EXP 	pbox3: autoDraw = False
12.0909 	EXP 	pbox4: autoDraw = False
12.0909 	EXP 	pbox5: autoDraw = False
12.0983 	EXP 	pbox0: autoDraw = False
12.0983 	EXP 	pbox1: autoDraw = False
12.0983 	EXP 	pbox2: autoDraw = False
12.0983 	EXP 	pbox3: autoDraw = False
12.0983 	EXP 	pbox4: autoDraw = False
12.0983 	EXP 	pbox5: autoDraw = False
12.1047 	EXP 	pbox0: autoDraw = False
12.1047 	EXP 	pbox1: autoDraw = False
12.1047 	EXP 	pbox2: autoDraw = False
12.1047 	EXP 	pbox3: autoDraw = False
12.1047 	EXP 	pbox4: autoDraw = False
12.1047 	EXP 	pbox5: autoDraw = False
12.1120 	EXP 	pbox0: autoDraw = False
12.1120 	EXP 	pbox1: autoDraw = False
12.1120 	EXP 	pbox2: autoDraw = False
12.1120 	EXP 	pbox3: autoDraw = False
12.1120 	EXP 	pbox4: autoDraw = False
12.1120 	EXP 	pbox5: autoDraw = False
12.1187 	EXP 	pbox0: autoDraw = False
12.1187 	EXP 	pbox1: autoDraw = False
12.1187 	EXP 	pbox2: autoDraw = False
12.1187 	EXP 	pbox3: autoDraw = False
12.1187 	EXP 	pbox4: autoDraw = False
12.1187 	EXP 	pbox5: autoDraw = False
12.1259 	EXP 	pbox0: autoDraw = False
12.1259 	EXP 	pbox1: autoDraw = False
12.1259 	EXP 	pbox2: autoDraw = False
12.1259 	EXP 	pbox3: autoDraw = False
12.1259 	EXP 	pbox4: autoDraw = False
12.1259 	EXP 	pbox5: autoDraw = False
12.1324 	EXP 	pbox0: autoDraw = False
12.1324 	EXP 	pbox1: autoDraw = False
12.1324 	EXP 	pbox2: autoDraw = False
12.1324 	EXP 	pbox3: autoDraw = False
12.1324 	EXP 	pbox4: autoDraw = False
12.1324 	EXP 	pbox5: autoDraw = False
12.1398 	EXP 	pbox0: autoDraw = False
12.1398 	EXP 	pbox1: autoDraw = False
12.1398 	EXP 	pbox2: autoDraw = False
12.1398 	EXP 	pbox3: autoDraw = False
12.1398 	EXP 	pbox4: autoDraw = False
12.1398 	EXP 	pbox5: autoDraw = False
12.1464 	EXP 	pbox0: autoDraw = False
12.1464 	EXP 	pbox1: autoDraw = False
12.1464 	EXP 	pbox2: autoDraw = False
12.1464 	EXP 	pbox3: autoDraw = False
12.1464 	EXP 	pbox4: autoDraw = False
12.1464 	EXP 	pbox5: autoDraw = False
12.1536 	EXP 	pbox0: autoDraw = False
12.1536 	EXP 	pbox1: autoDraw = False
12.1536 	EXP 	pbox2: autoDraw = False
12.1536 	EXP 	pbox3: autoDraw = False
12.1536 	EXP 	pbox4: autoDraw = False
12.1536 	EXP 	pbox5: autoDraw = False
12.1605 	EXP 	pbox0: autoDraw = False
12.1605 	EXP 	pbox1: autoDraw = False
12.1605 	EXP 	pbox2: autoDraw = False
12.1605 	EXP 	pbox3: autoDraw = False
12.1605 	EXP 	pbox4: autoDraw = False
12.1605 	EXP 	pbox5: autoDraw = False
12.1676 	EXP 	pbox0: autoDraw = False
12.1676 	EXP 	pbox1: autoDraw = False
12.1676 	EXP 	pbox2: autoDraw = False
12.1676 	EXP 	pbox3: autoDraw = False
12.1676 	EXP 	pbox4: autoDraw = False
12.1676 	EXP 	pbox5: autoDraw = False
12.1743 	EXP 	pbox0: autoDraw = False
12.1743 	EXP 	pbox1: autoDraw = False
12.1743 	EXP 	pbox2: autoDraw = False
12.1743 	EXP 	pbox3: autoDraw = False
12.1743 	EXP 	pbox4: autoDraw = False
12.1743 	EXP 	pbox5: autoDraw = False
12.1815 	EXP 	pbox0: autoDraw = False
12.1815 	EXP 	pbox1: autoDraw = False
12.1815 	EXP 	pbox2: autoDraw = False
12.1815 	EXP 	pbox3: autoDraw = False
12.1815 	EXP 	pbox4: autoDraw = False
12.1815 	EXP 	pbox5: autoDraw = False
12.1884 	EXP 	pbox0: autoDraw = False
12.1884 	EXP 	pbox1: autoDraw = False
12.1884 	EXP 	pbox2: autoDraw = False
12.1884 	EXP 	pbox3: autoDraw = False
12.1884 	EXP 	pbox4: autoDraw = False
12.1884 	EXP 	pbox5: autoDraw = False
12.1953 	EXP 	pbox0: autoDraw = False
12.1953 	EXP 	pbox1: autoDraw = False
12.1953 	EXP 	pbox2: autoDraw = False
12.1953 	EXP 	pbox3: autoDraw = False
12.1953 	EXP 	pbox4: autoDraw = False
12.1953 	EXP 	pbox5: autoDraw = False
12.2023 	EXP 	pbox0: autoDraw = False
12.2023 	EXP 	pbox1: autoDraw = False
12.2023 	EXP 	pbox2: autoDraw = False
12.2023 	EXP 	pbox3: autoDraw = False
12.2023 	EXP 	pbox4: autoDraw = False
12.2023 	EXP 	pbox5: autoDraw = False
12.2095 	EXP 	pbox0: autoDraw = False
12.2095 	EXP 	pbox1: autoDraw = False
12.2095 	EXP 	pbox2: autoDraw = False
12.2095 	EXP 	pbox3: autoDraw = False
12.2095 	EXP 	pbox4: autoDraw = False
12.2095 	EXP 	pbox5: autoDraw = False
12.2164 	EXP 	pbox0: autoDraw = False
12.2164 	EXP 	pbox1: autoDraw = False
12.2164 	EXP 	pbox2: autoDraw = False
12.2164 	EXP 	pbox3: autoDraw = False
12.2164 	EXP 	pbox4: autoDraw = False
12.2164 	EXP 	pbox5: autoDraw = False
12.2233 	EXP 	pbox0: autoDraw = False
12.2233 	EXP 	pbox1: autoDraw = False
12.2233 	EXP 	pbox2: autoDraw = False
12.2233 	EXP 	pbox3: autoDraw = False
12.2233 	EXP 	pbox4: autoDraw = False
12.2233 	EXP 	pbox5: autoDraw = False
12.2302 	EXP 	pbox0: autoDraw = False
12.2302 	EXP 	pbox1: autoDraw = False
12.2302 	EXP 	pbox2: autoDraw = False
12.2302 	EXP 	pbox3: autoDraw = False
12.2302 	EXP 	pbox4: autoDraw = False
12.2302 	EXP 	pbox5: autoDraw = False
12.2374 	EXP 	pbox0: autoDraw = False
12.2374 	EXP 	pbox1: autoDraw = False
12.2374 	EXP 	pbox2: autoDraw = False
12.2374 	EXP 	pbox3: autoDraw = False
12.2374 	EXP 	pbox4: autoDraw = False
12.2374 	EXP 	pbox5: autoDraw = False
12.2442 	EXP 	pbox0: autoDraw = False
12.2442 	EXP 	pbox1: autoDraw = False
12.2442 	EXP 	pbox2: autoDraw = False
12.2442 	EXP 	pbox3: autoDraw = False
12.2442 	EXP 	pbox4: autoDraw = False
12.2442 	EXP 	pbox5: autoDraw = False
12.2510 	EXP 	pbox0: autoDraw = False
12.2510 	EXP 	pbox1: autoDraw = False
12.2510 	EXP 	pbox2: autoDraw = False
12.2510 	EXP 	pbox3: autoDraw = False
12.2510 	EXP 	pbox4: autoDraw = False
12.2510 	EXP 	pbox5: autoDraw = False
12.2579 	EXP 	pbox0: autoDraw = False
12.2579 	EXP 	pbox1: autoDraw = False
12.2579 	EXP 	pbox2: autoDraw = False
12.2579 	EXP 	pbox3: autoDraw = False
12.2579 	EXP 	pbox4: autoDraw = False
12.2579 	EXP 	pbox5: autoDraw = False
12.2647 	EXP 	pbox0: autoDraw = False
12.2647 	EXP 	pbox1: autoDraw = False
12.2647 	EXP 	pbox2: autoDraw = False
12.2647 	EXP 	pbox3: autoDraw = False
12.2647 	EXP 	pbox4: autoDraw = False
12.2647 	EXP 	pbox5: autoDraw = False
12.2719 	EXP 	pbox0: autoDraw = False
12.2719 	EXP 	pbox1: autoDraw = False
12.2719 	EXP 	pbox2: autoDraw = False
12.2719 	EXP 	pbox3: autoDraw = False
12.2719 	EXP 	pbox4: autoDraw = False
12.2719 	EXP 	pbox5: autoDraw = False
12.2790 	EXP 	pbox0: autoDraw = False
12.2790 	EXP 	pbox1: autoDraw = False
12.2790 	EXP 	pbox2: autoDraw = False
12.2790 	EXP 	pbox3: autoDraw = False
12.2790 	EXP 	pbox4: autoDraw = False
12.2790 	EXP 	pbox5: autoDraw = False
12.2864 	EXP 	pbox0: autoDraw = False
12.2864 	EXP 	pbox1: autoDraw = False
12.2864 	EXP 	pbox2: autoDraw = False
12.2864 	EXP 	pbox3: autoDraw = False
12.2864 	EXP 	pbox4: autoDraw = False
12.2864 	EXP 	pbox5: autoDraw = False
12.2929 	EXP 	pbox0: autoDraw = False
12.2929 	EXP 	pbox1: autoDraw = False
12.2929 	EXP 	pbox2: autoDraw = False
12.2929 	EXP 	pbox3: autoDraw = False
12.2929 	EXP 	pbox4: autoDraw = False
12.2929 	EXP 	pbox5: autoDraw = False
12.2998 	EXP 	pbox0: autoDraw = False
12.2998 	EXP 	pbox1: autoDraw = False
12.2998 	EXP 	pbox2: autoDraw = False
12.2998 	EXP 	pbox3: autoDraw = False
12.2998 	EXP 	pbox4: autoDraw = False
12.2998 	EXP 	pbox5: autoDraw = False
12.3066 	EXP 	pbox0: autoDraw = False
12.3066 	EXP 	pbox1: autoDraw = False
12.3066 	EXP 	pbox2: autoDraw = False
12.3066 	EXP 	pbox3: autoDraw = False
12.3066 	EXP 	pbox4: autoDraw = False
12.3066 	EXP 	pbox5: autoDraw = False
12.3137 	EXP 	pbox0: autoDraw = False
12.3137 	EXP 	pbox1: autoDraw = False
12.3137 	EXP 	pbox2: autoDraw = False
12.3137 	EXP 	pbox3: autoDraw = False
12.3137 	EXP 	pbox4: autoDraw = False
12.3137 	EXP 	pbox5: autoDraw = False
12.3206 	EXP 	pbox0: autoDraw = False
12.3206 	EXP 	pbox1: autoDraw = False
12.3206 	EXP 	pbox2: autoDraw = False
12.3206 	EXP 	pbox3: autoDraw = False
12.3206 	EXP 	pbox4: autoDraw = False
12.3206 	EXP 	pbox5: autoDraw = False
12.3273 	EXP 	pbox0: autoDraw = False
12.3273 	EXP 	pbox1: autoDraw = False
12.3273 	EXP 	pbox2: autoDraw = False
12.3273 	EXP 	pbox3: autoDraw = False
12.3273 	EXP 	pbox4: autoDraw = False
12.3273 	EXP 	pbox5: autoDraw = False
12.3343 	EXP 	pbox0: autoDraw = False
12.3343 	EXP 	pbox1: autoDraw = False
12.3343 	EXP 	pbox2: autoDraw = False
12.3343 	EXP 	pbox3: autoDraw = False
12.3343 	EXP 	pbox4: autoDraw = False
12.3343 	EXP 	pbox5: autoDraw = False
12.3410 	EXP 	pbox0: autoDraw = False
12.3410 	EXP 	pbox1: autoDraw = False
12.3410 	EXP 	pbox2: autoDraw = False
12.3410 	EXP 	pbox3: autoDraw = False
12.3410 	EXP 	pbox4: autoDraw = False
12.3410 	EXP 	pbox5: autoDraw = False
12.3483 	EXP 	pbox0: autoDraw = False
12.3483 	EXP 	pbox1: autoDraw = False
12.3483 	EXP 	pbox2: autoDraw = False
12.3483 	EXP 	pbox3: autoDraw = False
12.3483 	EXP 	pbox4: autoDraw = False
12.3483 	EXP 	pbox5: autoDraw = False
12.3553 	EXP 	pbox0: autoDraw = False
12.3553 	EXP 	pbox1: autoDraw = False
12.3553 	EXP 	pbox2: autoDraw = False
12.3553 	EXP 	pbox3: autoDraw = False
12.3553 	EXP 	pbox4: autoDraw = False
12.3553 	EXP 	pbox5: autoDraw = False
12.3619 	EXP 	pbox0: autoDraw = False
12.3619 	EXP 	pbox1: autoDraw = False
12.3619 	EXP 	pbox2: autoDraw = False
12.3619 	EXP 	pbox3: autoDraw = False
12.3619 	EXP 	pbox4: autoDraw = False
12.3619 	EXP 	pbox5: autoDraw = False
12.3632 	DATA 	Keypress: escape
12.5294 	EXP 	window1: mouseVisible = True
